{
  "/Users/mayaffia/Desktop/Couply/frontend/src/shared/api/baseApi.ts": {
    "path": "/Users/mayaffia/Desktop/Couply/frontend/src/shared/api/baseApi.ts",
    "statementMap": {
      "0": {
        "start": {
          "line": 4,
          "column": 21
        },
        "end": {
          "line": 4,
          "column": null
        }
      },
      "1": {
        "start": {
          "line": 7,
          "column": 23
        },
        "end": {
          "line": 22,
          "column": null
        }
      },
      "2": {
        "start": {
          "line": 13,
          "column": 20
        },
        "end": {
          "line": 13,
          "column": null
        }
      },
      "3": {
        "start": {
          "line": 14,
          "column": 6
        },
        "end": {
          "line": 16,
          "column": null
        }
      },
      "4": {
        "start": {
          "line": 15,
          "column": 8
        },
        "end": {
          "line": 15,
          "column": null
        }
      },
      "5": {
        "start": {
          "line": 17,
          "column": 6
        },
        "end": {
          "line": 17,
          "column": null
        }
      },
      "6": {
        "start": {
          "line": 20,
          "column": 20
        },
        "end": {
          "line": 20,
          "column": null
        }
      }
    },
    "fnMap": {
      "0": {
        "name": "(anonymous_0)",
        "decl": {
          "start": {
            "line": 11,
            "column": 20
          },
          "end": {
            "line": 11,
            "column": 31
          }
        },
        "loc": {
          "start": {
            "line": 11,
            "column": 31
          },
          "end": {
            "line": 18,
            "column": null
          }
        }
      },
      "1": {
        "name": "(anonymous_1)",
        "decl": {
          "start": {
            "line": 20,
            "column": 13
          },
          "end": {
            "line": 20,
            "column": 20
          }
        },
        "loc": {
          "start": {
            "line": 20,
            "column": 20
          },
          "end": {
            "line": 20,
            "column": null
          }
        }
      }
    },
    "branchMap": {
      "0": {
        "loc": {
          "start": {
            "line": 14,
            "column": 6
          },
          "end": {
            "line": 16,
            "column": null
          }
        },
        "type": "if",
        "locations": [
          {
            "start": {
              "line": 14,
              "column": 6
            },
            "end": {
              "line": 16,
              "column": null
            }
          }
        ]
      }
    },
    "s": {
      "0": 175,
      "1": 175,
      "2": 0,
      "3": 0,
      "4": 0,
      "5": 0,
      "6": 175
    },
    "f": {
      "0": 0,
      "1": 175
    },
    "b": {
      "0": [
        0
      ]
    }
  },
  "/Users/mayaffia/Desktop/Couply/frontend/src/shared/lib/context/ThemeContext.tsx": {
    "path": "/Users/mayaffia/Desktop/Couply/frontend/src/shared/lib/context/ThemeContext.tsx",
    "statementMap": {
      "0": {
        "start": {
          "line": 1,
          "column": 16
        },
        "end": {
          "line": 1,
          "column": 88
        }
      },
      "1": {
        "start": {
          "line": 1,
          "column": 88
        },
        "end": {
          "line": 1,
          "column": null
        }
      },
      "2": {
        "start": {
          "line": 10,
          "column": 21
        },
        "end": {
          "line": 10,
          "column": null
        }
      },
      "3": {
        "start": {
          "line": 12,
          "column": 64
        },
        "end": {
          "line": 48,
          "column": 1
        }
      },
      "4": {
        "start": {
          "line": 12,
          "column": 82
        },
        "end": {
          "line": 12,
          "column": null
        }
      },
      "5": {
        "start": {
          "line": 14,
          "column": 28
        },
        "end": {
          "line": 17,
          "column": null
        }
      },
      "6": {
        "start": {
          "line": 15,
          "column": 23
        },
        "end": {
          "line": 15,
          "column": null
        }
      },
      "7": {
        "start": {
          "line": 16,
          "column": 4
        },
        "end": {
          "line": 16,
          "column": null
        }
      },
      "8": {
        "start": {
          "line": 20,
          "column": 2
        },
        "end": {
          "line": 41,
          "column": null
        }
      },
      "9": {
        "start": {
          "line": 21,
          "column": 4
        },
        "end": {
          "line": 21,
          "column": null
        }
      },
      "10": {
        "start": {
          "line": 23,
          "column": 4
        },
        "end": {
          "line": 23,
          "column": null
        }
      },
      "11": {
        "start": {
          "line": 26,
          "column": 23
        },
        "end": {
          "line": 26,
          "column": null
        }
      },
      "12": {
        "start": {
          "line": 29,
          "column": 27
        },
        "end": {
          "line": 29,
          "column": null
        }
      },
      "13": {
        "start": {
          "line": 30,
          "column": 31
        },
        "end": {
          "line": 32,
          "column": null
        }
      },
      "14": {
        "start": {
          "line": 34,
          "column": 4
        },
        "end": {
          "line": 36,
          "column": null
        }
      },
      "15": {
        "start": {
          "line": 35,
          "column": 6
        },
        "end": {
          "line": 35,
          "column": null
        }
      },
      "16": {
        "start": {
          "line": 38,
          "column": 4
        },
        "end": {
          "line": 40,
          "column": null
        }
      },
      "17": {
        "start": {
          "line": 39,
          "column": 6
        },
        "end": {
          "line": 39,
          "column": null
        }
      },
      "18": {
        "start": {
          "line": 43,
          "column": 22
        },
        "end": {
          "line": 45,
          "column": null
        }
      },
      "19": {
        "start": {
          "line": 44,
          "column": 4
        },
        "end": {
          "line": 44,
          "column": null
        }
      },
      "20": {
        "start": {
          "line": 44,
          "column": 27
        },
        "end": {
          "line": 44,
          "column": 68
        }
      },
      "21": {
        "start": {
          "line": 47,
          "column": 2
        },
        "end": {
          "line": 47,
          "column": null
        }
      },
      "22": {
        "start": {
          "line": 48,
          "column": 1
        },
        "end": {
          "line": 12,
          "column": 64
        }
      },
      "23": {
        "start": {
          "line": 12,
          "column": 61
        },
        "end": {
          "line": null,
          "column": -1
        }
      },
      "24": {
        "start": {
          "line": 50,
          "column": 24
        },
        "end": {
          "line": 56,
          "column": 1
        }
      },
      "25": {
        "start": {
          "line": 50,
          "column": 48
        },
        "end": {
          "line": 50,
          "column": null
        }
      },
      "26": {
        "start": {
          "line": 51,
          "column": 18
        },
        "end": {
          "line": 51,
          "column": null
        }
      },
      "27": {
        "start": {
          "line": 52,
          "column": 2
        },
        "end": {
          "line": 54,
          "column": null
        }
      },
      "28": {
        "start": {
          "line": 53,
          "column": 4
        },
        "end": {
          "line": 53,
          "column": null
        }
      },
      "29": {
        "start": {
          "line": 55,
          "column": 2
        },
        "end": {
          "line": 55,
          "column": null
        }
      },
      "30": {
        "start": {
          "line": 56,
          "column": 1
        },
        "end": {
          "line": 50,
          "column": 24
        }
      }
    },
    "fnMap": {
      "0": {
        "name": "(anonymous_0)",
        "decl": {
          "start": {
            "line": 1,
            "column": 88
          },
          "end": {
            "line": 1,
            "column": null
          }
        },
        "loc": {
          "start": {
            "line": 1,
            "column": 88
          },
          "end": {
            "line": 1,
            "column": null
          }
        }
      },
      "1": {
        "name": "(anonymous_1)",
        "decl": {
          "start": {
            "line": 12,
            "column": 64
          },
          "end": {
            "line": 12,
            "column": 65
          }
        },
        "loc": {
          "start": {
            "line": 12,
            "column": 82
          },
          "end": {
            "line": 48,
            "column": 1
          }
        }
      },
      "2": {
        "name": "(anonymous_2)",
        "decl": {
          "start": {
            "line": 14,
            "column": 44
          },
          "end": {
            "line": 14,
            "column": 50
          }
        },
        "loc": {
          "start": {
            "line": 14,
            "column": 50
          },
          "end": {
            "line": 17,
            "column": 3
          }
        }
      },
      "3": {
        "name": "(anonymous_3)",
        "decl": {
          "start": {
            "line": 20,
            "column": 12
          },
          "end": {
            "line": 20,
            "column": 18
          }
        },
        "loc": {
          "start": {
            "line": 20,
            "column": 18
          },
          "end": {
            "line": 41,
            "column": 5
          }
        }
      },
      "4": {
        "name": "(anonymous_4)",
        "decl": {
          "start": {
            "line": 43,
            "column": 22
          },
          "end": {
            "line": 43,
            "column": 28
          }
        },
        "loc": {
          "start": {
            "line": 43,
            "column": 28
          },
          "end": {
            "line": 45,
            "column": null
          }
        }
      },
      "5": {
        "name": "(anonymous_5)",
        "decl": {
          "start": {
            "line": 44,
            "column": 13
          },
          "end": {
            "line": 44,
            "column": 27
          }
        },
        "loc": {
          "start": {
            "line": 44,
            "column": 27
          },
          "end": {
            "line": 44,
            "column": 68
          }
        }
      },
      "6": {
        "name": "(anonymous_6)",
        "decl": {
          "start": {
            "line": 50,
            "column": 24
          },
          "end": {
            "line": 50,
            "column": 48
          }
        },
        "loc": {
          "start": {
            "line": 50,
            "column": 48
          },
          "end": {
            "line": 56,
            "column": 1
          }
        }
      }
    },
    "branchMap": {
      "0": {
        "loc": {
          "start": {
            "line": 1,
            "column": 16
          },
          "end": {
            "line": 1,
            "column": 88
          }
        },
        "type": "binary-expr",
        "locations": [
          {
            "start": {
              "line": 1,
              "column": 16
            },
            "end": {
              "line": 1,
              "column": 64
            }
          },
          {
            "start": {
              "line": 1,
              "column": 64
            },
            "end": {
              "line": 1,
              "column": 88
            }
          }
        ]
      },
      "1": {
        "loc": {
          "start": {
            "line": 1,
            "column": 88
          },
          "end": {
            "line": 1,
            "column": null
          }
        },
        "type": "if",
        "locations": [
          {
            "start": {
              "line": 1,
              "column": 88
            },
            "end": {
              "line": 1,
              "column": null
            }
          }
        ]
      },
      "2": {
        "loc": {
          "start": {
            "line": 1,
            "column": 88
          },
          "end": {
            "line": 1,
            "column": null
          }
        },
        "type": "binary-expr",
        "locations": [
          {
            "start": {
              "line": 1,
              "column": 88
            },
            "end": {
              "line": 1,
              "column": null
            }
          },
          {
            "start": {
              "line": 1,
              "column": 88
            },
            "end": {
              "line": 1,
              "column": null
            }
          }
        ]
      },
      "3": {
        "loc": {
          "start": {
            "line": 16,
            "column": 12
          },
          "end": {
            "line": 16,
            "column": null
          }
        },
        "type": "binary-expr",
        "locations": [
          {
            "start": {
              "line": 16,
              "column": 12
            },
            "end": {
              "line": 16,
              "column": 36
            }
          },
          {
            "start": {
              "line": 16,
              "column": 36
            },
            "end": {
              "line": 16,
              "column": null
            }
          }
        ]
      },
      "4": {
        "loc": {
          "start": {
            "line": 26,
            "column": 23
          },
          "end": {
            "line": 26,
            "column": null
          }
        },
        "type": "cond-expr",
        "locations": [
          {
            "start": {
              "line": 26,
              "column": 42
            },
            "end": {
              "line": 26,
              "column": 54
            }
          },
          {
            "start": {
              "line": 26,
              "column": 54
            },
            "end": {
              "line": 26,
              "column": null
            }
          }
        ]
      },
      "5": {
        "loc": {
          "start": {
            "line": 34,
            "column": 4
          },
          "end": {
            "line": 36,
            "column": null
          }
        },
        "type": "if",
        "locations": [
          {
            "start": {
              "line": 34,
              "column": 4
            },
            "end": {
              "line": 36,
              "column": null
            }
          }
        ]
      },
      "6": {
        "loc": {
          "start": {
            "line": 38,
            "column": 4
          },
          "end": {
            "line": 40,
            "column": null
          }
        },
        "type": "if",
        "locations": [
          {
            "start": {
              "line": 38,
              "column": 4
            },
            "end": {
              "line": 40,
              "column": null
            }
          }
        ]
      },
      "7": {
        "loc": {
          "start": {
            "line": 44,
            "column": 27
          },
          "end": {
            "line": 44,
            "column": 68
          }
        },
        "type": "cond-expr",
        "locations": [
          {
            "start": {
              "line": 44,
              "column": 51
            },
            "end": {
              "line": 44,
              "column": 60
            }
          },
          {
            "start": {
              "line": 44,
              "column": 60
            },
            "end": {
              "line": 44,
              "column": 68
            }
          }
        ]
      },
      "8": {
        "loc": {
          "start": {
            "line": 52,
            "column": 2
          },
          "end": {
            "line": 54,
            "column": null
          }
        },
        "type": "if",
        "locations": [
          {
            "start": {
              "line": 52,
              "column": 2
            },
            "end": {
              "line": 54,
              "column": null
            }
          }
        ]
      }
    },
    "s": {
      "0": 175,
      "1": 1575,
      "2": 175,
      "3": 175,
      "4": 384,
      "5": 384,
      "6": 384,
      "7": 384,
      "8": 384,
      "9": 384,
      "10": 384,
      "11": 384,
      "12": 384,
      "13": 384,
      "14": 384,
      "15": 0,
      "16": 384,
      "17": 0,
      "18": 384,
      "19": 0,
      "20": 0,
      "21": 384,
      "22": 175,
      "23": 175,
      "24": 175,
      "25": 12,
      "26": 12,
      "27": 12,
      "28": 0,
      "29": 12,
      "30": 175
    },
    "f": {
      "0": 175,
      "1": 384,
      "2": 384,
      "3": 384,
      "4": 0,
      "5": 0,
      "6": 12
    },
    "b": {
      "0": [
        175,
        0
      ],
      "1": [
        175
      ],
      "2": [
        175,
        175
      ],
      "3": [
        384,
        175
      ],
      "4": [
        0,
        384
      ],
      "5": [
        0
      ],
      "6": [
        0
      ],
      "7": [
        0,
        0
      ],
      "8": [
        0
      ]
    }
  },
  "/Users/mayaffia/Desktop/Couply/frontend/src/pages/ProfilePage/components/ProfileSection/ProfileSection.tsx": {
    "path": "/Users/mayaffia/Desktop/Couply/frontend/src/pages/ProfilePage/components/ProfileSection/ProfileSection.tsx",
    "statementMap": {
      "0": {
        "start": {
          "line": 1,
          "column": 40
        },
        "end": {
          "line": 1,
          "column": null
        }
      },
      "1": {
        "start": {
          "line": 12,
          "column": 61
        },
        "end": {
          "line": 31,
          "column": 1
        }
      },
      "2": {
        "start": {
          "line": 18,
          "column": 2
        },
        "end": {
          "line": 29,
          "column": null
        }
      },
      "3": {
        "start": {
          "line": 31,
          "column": 1
        },
        "end": {
          "line": 12,
          "column": 61
        }
      },
      "4": {
        "start": {
          "line": 33,
          "column": 29
        },
        "end": {
          "line": 33,
          "column": null
        }
      }
    },
    "fnMap": {
      "0": {
        "name": "(anonymous_0)",
        "decl": {
          "start": {
            "line": 1,
            "column": 40
          },
          "end": {
            "line": 1,
            "column": null
          }
        },
        "loc": {
          "start": {
            "line": 1,
            "column": 40
          },
          "end": {
            "line": 1,
            "column": null
          }
        }
      },
      "1": {
        "name": "(anonymous_1)",
        "decl": {
          "start": {
            "line": 12,
            "column": 61
          },
          "end": {
            "line": 12,
            "column": 62
          }
        },
        "loc": {
          "start": {
            "line": 17,
            "column": 6
          },
          "end": {
            "line": 31,
            "column": 1
          }
        }
      }
    },
    "branchMap": {
      "0": {
        "loc": {
          "start": {
            "line": 1,
            "column": 40
          },
          "end": {
            "line": 1,
            "column": null
          }
        },
        "type": "binary-expr",
        "locations": [
          {
            "start": {
              "line": 1,
              "column": 40
            },
            "end": {
              "line": 1,
              "column": null
            }
          },
          {
            "start": {
              "line": 1,
              "column": 40
            },
            "end": {
              "line": 1,
              "column": null
            }
          }
        ]
      },
      "1": {
        "loc": {
          "start": {
            "line": 1,
            "column": 40
          },
          "end": {
            "line": 1,
            "column": null
          }
        },
        "type": "if",
        "locations": [
          {
            "start": {
              "line": 1,
              "column": 40
            },
            "end": {
              "line": 1,
              "column": null
            }
          }
        ]
      },
      "2": {
        "loc": {
          "start": {
            "line": 16,
            "column": 2
          },
          "end": {
            "line": 16,
            "column": null
          }
        },
        "type": "default-arg",
        "locations": [
          {
            "start": {
              "line": 16,
              "column": 17
            },
            "end": {
              "line": 16,
              "column": null
            }
          }
        ]
      },
      "3": {
        "loc": {
          "start": {
            "line": 22,
            "column": 9
          },
          "end": {
            "line": 25,
            "column": null
          }
        },
        "type": "binary-expr",
        "locations": [
          {
            "start": {
              "line": 22,
              "column": 9
            },
            "end": {
              "line": 22,
              "column": 25
            }
          },
          {
            "start": {
              "line": 22,
              "column": 25
            },
            "end": {
              "line": 22,
              "column": null
            }
          },
          {
            "start": {
              "line": 23,
              "column": 10
            },
            "end": {
              "line": 25,
              "column": null
            }
          }
        ]
      }
    },
    "s": {
      "0": 72,
      "1": 9,
      "2": 57,
      "3": 9,
      "4": 18
    },
    "f": {
      "0": 9,
      "1": 57
    },
    "b": {
      "0": [
        18,
        9
      ],
      "1": [
        9
      ],
      "2": [
        48
      ],
      "3": [
        57,
        5,
        5
      ]
    }
  },
  "/Users/mayaffia/Desktop/Couply/frontend/src/widgets/ActivityHistory/components/ActivityHeader/ActivityHeader.tsx": {
    "path": "/Users/mayaffia/Desktop/Couply/frontend/src/widgets/ActivityHistory/components/ActivityHeader/ActivityHeader.tsx",
    "statementMap": {
      "0": {
        "start": {
          "line": 1,
          "column": 34
        },
        "end": {
          "line": 1,
          "column": null
        }
      },
      "1": {
        "start": {
          "line": 1,
          "column": 73
        },
        "end": {
          "line": 1,
          "column": null
        }
      },
      "2": {
        "start": {
          "line": 11,
          "column": 61
        },
        "end": {
          "line": 23,
          "column": 1
        }
      },
      "3": {
        "start": {
          "line": 15,
          "column": 2
        },
        "end": {
          "line": 21,
          "column": null
        }
      },
      "4": {
        "start": {
          "line": 23,
          "column": 1
        },
        "end": {
          "line": 11,
          "column": 61
        }
      }
    },
    "fnMap": {
      "0": {
        "name": "(anonymous_0)",
        "decl": {
          "start": {
            "line": 1,
            "column": 73
          },
          "end": {
            "line": 1,
            "column": null
          }
        },
        "loc": {
          "start": {
            "line": 1,
            "column": 73
          },
          "end": {
            "line": 1,
            "column": null
          }
        }
      },
      "1": {
        "name": "(anonymous_1)",
        "decl": {
          "start": {
            "line": 11,
            "column": 61
          },
          "end": {
            "line": 11,
            "column": 62
          }
        },
        "loc": {
          "start": {
            "line": 14,
            "column": 6
          },
          "end": {
            "line": 23,
            "column": 1
          }
        }
      }
    },
    "branchMap": {
      "0": {
        "loc": {
          "start": {
            "line": 1,
            "column": 34
          },
          "end": {
            "line": 1,
            "column": null
          }
        },
        "type": "binary-expr",
        "locations": [
          {
            "start": {
              "line": 1,
              "column": 34
            },
            "end": {
              "line": 1,
              "column": null
            }
          },
          {
            "start": {
              "line": 1,
              "column": 73
            },
            "end": {
              "line": 1,
              "column": null
            }
          }
        ]
      },
      "1": {
        "loc": {
          "start": {
            "line": 1,
            "column": 73
          },
          "end": {
            "line": 1,
            "column": null
          }
        },
        "type": "if",
        "locations": [
          {
            "start": {
              "line": 1,
              "column": 73
            },
            "end": {
              "line": 1,
              "column": null
            }
          }
        ]
      },
      "2": {
        "loc": {
          "start": {
            "line": 1,
            "column": 73
          },
          "end": {
            "line": 1,
            "column": null
          }
        },
        "type": "binary-expr",
        "locations": [
          {
            "start": {
              "line": 1,
              "column": 73
            },
            "end": {
              "line": 1,
              "column": null
            }
          },
          {
            "start": {
              "line": 1,
              "column": 73
            },
            "end": {
              "line": 1,
              "column": null
            }
          }
        ]
      },
      "3": {
        "loc": {
          "start": {
            "line": 13,
            "column": 2
          },
          "end": {
            "line": 13,
            "column": null
          }
        },
        "type": "default-arg",
        "locations": [
          {
            "start": {
              "line": 13,
              "column": 10
            },
            "end": {
              "line": 13,
              "column": null
            }
          }
        ]
      }
    },
    "s": {
      "0": 10,
      "1": 70,
      "2": 10,
      "3": 12,
      "4": 10
    },
    "f": {
      "0": 10,
      "1": 12
    },
    "b": {
      "0": [
        10,
        0
      ],
      "1": [
        10
      ],
      "2": [
        10,
        10
      ],
      "3": [
        9
      ]
    }
  },
  "/Users/mayaffia/Desktop/Couply/frontend/src/shared/components/InstagramIcon/InstagramIcon.tsx": {
    "path": "/Users/mayaffia/Desktop/Couply/frontend/src/shared/components/InstagramIcon/InstagramIcon.tsx",
    "statementMap": {
      "0": {
        "start": {
          "line": 1,
          "column": 35
        },
        "end": {
          "line": 1,
          "column": null
        }
      },
      "1": {
        "start": {
          "line": 1,
          "column": 35
        },
        "end": {
          "line": 56,
          "column": 1
        }
      },
      "2": {
        "start": {
          "line": 2,
          "column": 2
        },
        "end": {
          "line": 54,
          "column": null
        }
      },
      "3": {
        "start": {
          "line": 56,
          "column": 1
        },
        "end": {
          "line": 1,
          "column": 26
        }
      },
      "4": {
        "start": {
          "line": 58,
          "column": 28
        },
        "end": {
          "line": 58,
          "column": null
        }
      }
    },
    "fnMap": {
      "0": {
        "name": "(anonymous_0)",
        "decl": {
          "start": {
            "line": 1,
            "column": 35
          },
          "end": {
            "line": 1,
            "column": null
          }
        },
        "loc": {
          "start": {
            "line": 1,
            "column": 35
          },
          "end": {
            "line": 1,
            "column": null
          }
        }
      }
    },
    "branchMap": {
      "0": {
        "loc": {
          "start": {
            "line": 1,
            "column": 35
          },
          "end": {
            "line": 1,
            "column": null
          }
        },
        "type": "binary-expr",
        "locations": [
          {
            "start": {
              "line": 1,
              "column": 35
            },
            "end": {
              "line": 1,
              "column": null
            }
          },
          {
            "start": {
              "line": 1,
              "column": 35
            },
            "end": {
              "line": 1,
              "column": null
            }
          }
        ]
      },
      "1": {
        "loc": {
          "start": {
            "line": 1,
            "column": 35
          },
          "end": {
            "line": 1,
            "column": null
          }
        },
        "type": "if",
        "locations": [
          {
            "start": {
              "line": 1,
              "column": 35
            },
            "end": {
              "line": 1,
              "column": null
            }
          }
        ]
      }
    },
    "s": {
      "0": 40,
      "1": 5,
      "2": 9,
      "3": 5,
      "4": 10
    },
    "f": {
      "0": 14
    },
    "b": {
      "0": [
        10,
        5
      ],
      "1": [
        5
      ]
    }
  },
  "/Users/mayaffia/Desktop/Couply/frontend/src/shared/components/IconButton/IconButton.tsx": {
    "path": "/Users/mayaffia/Desktop/Couply/frontend/src/shared/components/IconButton/IconButton.tsx",
    "statementMap": {
      "0": {
        "start": {
          "line": 1,
          "column": 33
        },
        "end": {
          "line": 1,
          "column": null
        }
      },
      "1": {
        "start": {
          "line": 13,
          "column": 26
        },
        "end": {
          "line": 34,
          "column": 1
        }
      },
      "2": {
        "start": {
          "line": 20,
          "column": 2
        },
        "end": {
          "line": 32,
          "column": null
        }
      },
      "3": {
        "start": {
          "line": 34,
          "column": 1
        },
        "end": {
          "line": 13,
          "column": 26
        }
      },
      "4": {
        "start": {
          "line": 36,
          "column": 25
        },
        "end": {
          "line": 36,
          "column": null
        }
      }
    },
    "fnMap": {
      "0": {
        "name": "(anonymous_0)",
        "decl": {
          "start": {
            "line": 1,
            "column": 33
          },
          "end": {
            "line": 1,
            "column": null
          }
        },
        "loc": {
          "start": {
            "line": 1,
            "column": 33
          },
          "end": {
            "line": 1,
            "column": null
          }
        }
      },
      "1": {
        "name": "(anonymous_1)",
        "decl": {
          "start": {
            "line": 13,
            "column": 26
          },
          "end": {
            "line": 13,
            "column": 27
          }
        },
        "loc": {
          "start": {
            "line": 19,
            "column": 29
          },
          "end": {
            "line": 34,
            "column": 1
          }
        }
      }
    },
    "branchMap": {
      "0": {
        "loc": {
          "start": {
            "line": 1,
            "column": 33
          },
          "end": {
            "line": 1,
            "column": null
          }
        },
        "type": "binary-expr",
        "locations": [
          {
            "start": {
              "line": 1,
              "column": 33
            },
            "end": {
              "line": 1,
              "column": null
            }
          },
          {
            "start": {
              "line": 1,
              "column": 33
            },
            "end": {
              "line": 1,
              "column": null
            }
          }
        ]
      },
      "1": {
        "loc": {
          "start": {
            "line": 1,
            "column": 33
          },
          "end": {
            "line": 1,
            "column": null
          }
        },
        "type": "if",
        "locations": [
          {
            "start": {
              "line": 1,
              "column": 33
            },
            "end": {
              "line": 1,
              "column": null
            }
          }
        ]
      },
      "2": {
        "loc": {
          "start": {
            "line": 18,
            "column": 2
          },
          "end": {
            "line": 18,
            "column": null
          }
        },
        "type": "default-arg",
        "locations": [
          {
            "start": {
              "line": 18,
              "column": 18
            },
            "end": {
              "line": 18,
              "column": null
            }
          }
        ]
      },
      "3": {
        "loc": {
          "start": {
            "line": 24,
            "column": 10
          },
          "end": {
            "line": 24,
            "column": 51
          }
        },
        "type": "cond-expr",
        "locations": [
          {
            "start": {
              "line": 24,
              "column": 26
            },
            "end": {
              "line": 24,
              "column": 49
            }
          },
          {
            "start": {
              "line": 24,
              "column": 49
            },
            "end": {
              "line": 24,
              "column": 51
            }
          }
        ]
      },
      "4": {
        "loc": {
          "start": {
            "line": 25,
            "column": 10
          },
          "end": {
            "line": 25,
            "column": 25
          }
        },
        "type": "binary-expr",
        "locations": [
          {
            "start": {
              "line": 25,
              "column": 10
            },
            "end": {
              "line": 25,
              "column": 23
            }
          },
          {
            "start": {
              "line": 25,
              "column": 23
            },
            "end": {
              "line": 25,
              "column": 25
            }
          }
        ]
      },
      "5": {
        "loc": {
          "start": {
            "line": 29,
            "column": 49
          },
          "end": {
            "line": 29,
            "column": 68
          }
        },
        "type": "binary-expr",
        "locations": [
          {
            "start": {
              "line": 29,
              "column": 49
            },
            "end": {
              "line": 29,
              "column": 66
            }
          },
          {
            "start": {
              "line": 29,
              "column": 66
            },
            "end": {
              "line": 29,
              "column": 68
            }
          }
        ]
      }
    },
    "s": {
      "0": 136,
      "1": 17,
      "2": 60,
      "3": 17,
      "4": 34
    },
    "f": {
      "0": 17,
      "1": 60
    },
    "b": {
      "0": [
        34,
        17
      ],
      "1": [
        17
      ],
      "2": [
        28
      ],
      "3": [
        32,
        28
      ],
      "4": [
        60,
        50
      ],
      "5": [
        60,
        57
      ]
    }
  },
  "/Users/mayaffia/Desktop/Couply/frontend/src/shared/components/TelegramIcon/TelegramIcon.tsx": {
    "path": "/Users/mayaffia/Desktop/Couply/frontend/src/shared/components/TelegramIcon/TelegramIcon.tsx",
    "statementMap": {
      "0": {
        "start": {
          "line": 2,
          "column": 28
        },
        "end": {
          "line": 30,
          "column": 1
        }
      },
      "1": {
        "start": {
          "line": 3,
          "column": 2
        },
        "end": {
          "line": 28,
          "column": null
        }
      },
      "2": {
        "start": {
          "line": 30,
          "column": 1
        },
        "end": {
          "line": 2,
          "column": 28
        }
      },
      "3": {
        "start": {
          "line": 32,
          "column": 27
        },
        "end": {
          "line": 32,
          "column": null
        }
      }
    },
    "fnMap": {
      "0": {
        "name": "(anonymous_1)",
        "decl": {
          "start": {
            "line": 2,
            "column": 28
          },
          "end": {
            "line": 2,
            "column": 34
          }
        },
        "loc": {
          "start": {
            "line": 2,
            "column": 34
          },
          "end": {
            "line": 30,
            "column": 1
          }
        }
      }
    },
    "branchMap": {},
    "s": {
      "0": 5,
      "1": 5,
      "2": 5,
      "3": 10
    },
    "f": {
      "0": 5
    },
    "b": {}
  },
  "/Users/mayaffia/Desktop/Couply/frontend/src/pages/LikesPage/components/MatchCard/MatchCard.tsx": {
    "path": "/Users/mayaffia/Desktop/Couply/frontend/src/pages/LikesPage/components/MatchCard/MatchCard.tsx",
    "statementMap": {
      "0": {
        "start": {
          "line": 1,
          "column": 25
        },
        "end": {
          "line": 1,
          "column": null
        }
      },
      "1": {
        "start": {
          "line": 27,
          "column": 51
        },
        "end": {
          "line": 69,
          "column": 1
        }
      },
      "2": {
        "start": {
          "line": 33,
          "column": 2
        },
        "end": {
          "line": 67,
          "column": null
        }
      },
      "3": {
        "start": {
          "line": 34,
          "column": 53
        },
        "end": {
          "line": 34,
          "column": null
        }
      },
      "4": {
        "start": {
          "line": 50,
          "column": 24
        },
        "end": {
          "line": 50,
          "column": null
        }
      },
      "5": {
        "start": {
          "line": 55,
          "column": 25
        },
        "end": {
          "line": 55,
          "column": null
        }
      },
      "6": {
        "start": {
          "line": 62,
          "column": 25
        },
        "end": {
          "line": 62,
          "column": null
        }
      },
      "7": {
        "start": {
          "line": 69,
          "column": 1
        },
        "end": {
          "line": 27,
          "column": 51
        }
      }
    },
    "fnMap": {
      "0": {
        "name": "(anonymous_0)",
        "decl": {
          "start": {
            "line": 1,
            "column": 25
          },
          "end": {
            "line": 1,
            "column": null
          }
        },
        "loc": {
          "start": {
            "line": 1,
            "column": 25
          },
          "end": {
            "line": 1,
            "column": null
          }
        }
      },
      "1": {
        "name": "(anonymous_1)",
        "decl": {
          "start": {
            "line": 27,
            "column": 51
          },
          "end": {
            "line": 27,
            "column": 52
          }
        },
        "loc": {
          "start": {
            "line": 32,
            "column": 6
          },
          "end": {
            "line": 69,
            "column": 1
          }
        }
      },
      "2": {
        "name": "(anonymous_2)",
        "decl": {
          "start": {
            "line": 34,
            "column": 47
          },
          "end": {
            "line": 34,
            "column": 53
          }
        },
        "loc": {
          "start": {
            "line": 34,
            "column": 53
          },
          "end": {
            "line": 34,
            "column": null
          }
        }
      },
      "3": {
        "name": "(anonymous_3)",
        "decl": {
          "start": {
            "line": 50,
            "column": 17
          },
          "end": {
            "line": 50,
            "column": 18
          }
        },
        "loc": {
          "start": {
            "line": 50,
            "column": 24
          },
          "end": {
            "line": 50,
            "column": null
          }
        }
      },
      "4": {
        "name": "(anonymous_4)",
        "decl": {
          "start": {
            "line": 55,
            "column": 19
          },
          "end": {
            "line": 55,
            "column": 25
          }
        },
        "loc": {
          "start": {
            "line": 55,
            "column": 25
          },
          "end": {
            "line": 55,
            "column": null
          }
        }
      },
      "5": {
        "name": "(anonymous_5)",
        "decl": {
          "start": {
            "line": 62,
            "column": 19
          },
          "end": {
            "line": 62,
            "column": 25
          }
        },
        "loc": {
          "start": {
            "line": 62,
            "column": 25
          },
          "end": {
            "line": 62,
            "column": null
          }
        }
      }
    },
    "branchMap": {
      "0": {
        "loc": {
          "start": {
            "line": 1,
            "column": 25
          },
          "end": {
            "line": 1,
            "column": null
          }
        },
        "type": "binary-expr",
        "locations": [
          {
            "start": {
              "line": 1,
              "column": 25
            },
            "end": {
              "line": 1,
              "column": null
            }
          },
          {
            "start": {
              "line": 1,
              "column": 25
            },
            "end": {
              "line": 1,
              "column": null
            }
          }
        ]
      },
      "1": {
        "loc": {
          "start": {
            "line": 1,
            "column": 25
          },
          "end": {
            "line": 1,
            "column": null
          }
        },
        "type": "if",
        "locations": [
          {
            "start": {
              "line": 1,
              "column": 25
            },
            "end": {
              "line": 1,
              "column": null
            }
          }
        ]
      },
      "2": {
        "loc": {
          "start": {
            "line": 44,
            "column": 9
          },
          "end": {
            "line": 45,
            "column": null
          }
        },
        "type": "binary-expr",
        "locations": [
          {
            "start": {
              "line": 44,
              "column": 9
            },
            "end": {
              "line": 44,
              "column": null
            }
          },
          {
            "start": {
              "line": 45,
              "column": 10
            },
            "end": {
              "line": 45,
              "column": null
            }
          }
        ]
      }
    },
    "s": {
      "0": 24,
      "1": 3,
      "2": 3,
      "3": 0,
      "4": 0,
      "5": 0,
      "6": 0,
      "7": 3
    },
    "f": {
      "0": 3,
      "1": 3,
      "2": 0,
      "3": 0,
      "4": 0,
      "5": 0
    },
    "b": {
      "0": [
        6,
        3
      ],
      "1": [
        3
      ],
      "2": [
        3,
        1
      ]
    }
  },
  "/Users/mayaffia/Desktop/Couply/frontend/src/shared/components/ActivityIcon/ActivityIcon.tsx": {
    "path": "/Users/mayaffia/Desktop/Couply/frontend/src/shared/components/ActivityIcon/ActivityIcon.tsx",
    "statementMap": {
      "0": {
        "start": {
          "line": 1,
          "column": 59
        },
        "end": {
          "line": 1,
          "column": null
        }
      },
      "1": {
        "start": {
          "line": 10,
          "column": 57
        },
        "end": {
          "line": 18,
          "column": 1
        }
      },
      "2": {
        "start": {
          "line": 11,
          "column": 2
        },
        "end": {
          "line": 16,
          "column": null
        }
      },
      "3": {
        "start": {
          "line": 18,
          "column": 1
        },
        "end": {
          "line": 10,
          "column": 57
        }
      }
    },
    "fnMap": {
      "0": {
        "name": "(anonymous_0)",
        "decl": {
          "start": {
            "line": 1,
            "column": 59
          },
          "end": {
            "line": 1,
            "column": null
          }
        },
        "loc": {
          "start": {
            "line": 1,
            "column": 59
          },
          "end": {
            "line": 1,
            "column": null
          }
        }
      },
      "1": {
        "name": "(anonymous_1)",
        "decl": {
          "start": {
            "line": 10,
            "column": 57
          },
          "end": {
            "line": 10,
            "column": 58
          }
        },
        "loc": {
          "start": {
            "line": 10,
            "column": 71
          },
          "end": {
            "line": 18,
            "column": 1
          }
        }
      }
    },
    "branchMap": {
      "0": {
        "loc": {
          "start": {
            "line": 1,
            "column": 59
          },
          "end": {
            "line": 1,
            "column": null
          }
        },
        "type": "binary-expr",
        "locations": [
          {
            "start": {
              "line": 1,
              "column": 59
            },
            "end": {
              "line": 1,
              "column": null
            }
          },
          {
            "start": {
              "line": 1,
              "column": 59
            },
            "end": {
              "line": 1,
              "column": null
            }
          }
        ]
      },
      "1": {
        "loc": {
          "start": {
            "line": 1,
            "column": 59
          },
          "end": {
            "line": 1,
            "column": null
          }
        },
        "type": "if",
        "locations": [
          {
            "start": {
              "line": 1,
              "column": 59
            },
            "end": {
              "line": 1,
              "column": null
            }
          }
        ]
      },
      "2": {
        "loc": {
          "start": {
            "line": 13,
            "column": 7
          },
          "end": {
            "line": 13,
            "column": null
          }
        },
        "type": "binary-expr",
        "locations": [
          {
            "start": {
              "line": 13,
              "column": 7
            },
            "end": {
              "line": 13,
              "column": 26
            }
          },
          {
            "start": {
              "line": 13,
              "column": 26
            },
            "end": {
              "line": 13,
              "column": null
            }
          }
        ]
      },
      "3": {
        "loc": {
          "start": {
            "line": 14,
            "column": 7
          },
          "end": {
            "line": 14,
            "column": null
          }
        },
        "type": "binary-expr",
        "locations": [
          {
            "start": {
              "line": 14,
              "column": 7
            },
            "end": {
              "line": 14,
              "column": 26
            }
          },
          {
            "start": {
              "line": 14,
              "column": 26
            },
            "end": {
              "line": 14,
              "column": null
            }
          }
        ]
      },
      "4": {
        "loc": {
          "start": {
            "line": 15,
            "column": 7
          },
          "end": {
            "line": 15,
            "column": null
          }
        },
        "type": "binary-expr",
        "locations": [
          {
            "start": {
              "line": 15,
              "column": 7
            },
            "end": {
              "line": 15,
              "column": 29
            }
          },
          {
            "start": {
              "line": 15,
              "column": 29
            },
            "end": {
              "line": 15,
              "column": null
            }
          }
        ]
      }
    },
    "s": {
      "0": 152,
      "1": 19,
      "2": 72,
      "3": 19
    },
    "f": {
      "0": 19,
      "1": 72
    },
    "b": {
      "0": [
        38,
        19
      ],
      "1": [
        19
      ],
      "2": [
        72,
        29
      ],
      "3": [
        72,
        23
      ],
      "4": [
        72,
        18
      ]
    }
  },
  "/Users/mayaffia/Desktop/Couply/frontend/src/shared/components/BackButton/BackButton.tsx": {
    "path": "/Users/mayaffia/Desktop/Couply/frontend/src/shared/components/BackButton/BackButton.tsx",
    "statementMap": {
      "0": {
        "start": {
          "line": 1,
          "column": 44
        },
        "end": {
          "line": 1,
          "column": null
        }
      },
      "1": {
        "start": {
          "line": 7,
          "column": 26
        },
        "end": {
          "line": 34,
          "column": 1
        }
      },
      "2": {
        "start": {
          "line": 8,
          "column": 2
        },
        "end": {
          "line": 32,
          "column": null
        }
      },
      "3": {
        "start": {
          "line": 34,
          "column": 1
        },
        "end": {
          "line": 7,
          "column": 26
        }
      }
    },
    "fnMap": {
      "0": {
        "name": "(anonymous_0)",
        "decl": {
          "start": {
            "line": 1,
            "column": 44
          },
          "end": {
            "line": 1,
            "column": null
          }
        },
        "loc": {
          "start": {
            "line": 1,
            "column": 44
          },
          "end": {
            "line": 1,
            "column": null
          }
        }
      },
      "1": {
        "name": "(anonymous_1)",
        "decl": {
          "start": {
            "line": 7,
            "column": 26
          },
          "end": {
            "line": 7,
            "column": 27
          }
        },
        "loc": {
          "start": {
            "line": 7,
            "column": 58
          },
          "end": {
            "line": 34,
            "column": 1
          }
        }
      }
    },
    "branchMap": {
      "0": {
        "loc": {
          "start": {
            "line": 1,
            "column": 44
          },
          "end": {
            "line": 1,
            "column": null
          }
        },
        "type": "binary-expr",
        "locations": [
          {
            "start": {
              "line": 1,
              "column": 44
            },
            "end": {
              "line": 1,
              "column": null
            }
          },
          {
            "start": {
              "line": 1,
              "column": 44
            },
            "end": {
              "line": 1,
              "column": null
            }
          }
        ]
      },
      "1": {
        "loc": {
          "start": {
            "line": 1,
            "column": 44
          },
          "end": {
            "line": 1,
            "column": null
          }
        },
        "type": "if",
        "locations": [
          {
            "start": {
              "line": 1,
              "column": 44
            },
            "end": {
              "line": 1,
              "column": null
            }
          }
        ]
      }
    },
    "s": {
      "0": 112,
      "1": 14,
      "2": 11,
      "3": 14
    },
    "f": {
      "0": 14,
      "1": 11
    },
    "b": {
      "0": [
        28,
        14
      ],
      "1": [
        14
      ]
    }
  },
  "/Users/mayaffia/Desktop/Couply/frontend/src/shared/components/ThemeToggle/ThemeToggle.tsx": {
    "path": "/Users/mayaffia/Desktop/Couply/frontend/src/shared/components/ThemeToggle/ThemeToggle.tsx",
    "statementMap": {
      "0": {
        "start": {
          "line": 1,
          "column": 25
        },
        "end": {
          "line": 1,
          "column": null
        }
      },
      "1": {
        "start": {
          "line": 1,
          "column": 55
        },
        "end": {
          "line": 1,
          "column": null
        }
      },
      "2": {
        "start": {
          "line": 14,
          "column": 55
        },
        "end": {
          "line": 24,
          "column": 1
        }
      },
      "3": {
        "start": {
          "line": 14,
          "column": 74
        },
        "end": {
          "line": 14,
          "column": null
        }
      },
      "4": {
        "start": {
          "line": 15,
          "column": 33
        },
        "end": {
          "line": 15,
          "column": null
        }
      },
      "5": {
        "start": {
          "line": 17,
          "column": 2
        },
        "end": {
          "line": 22,
          "column": null
        }
      },
      "6": {
        "start": {
          "line": 24,
          "column": 1
        },
        "end": {
          "line": 15,
          "column": 42
        }
      },
      "7": {
        "start": {
          "line": 14,
          "column": 52
        },
        "end": {
          "line": 15,
          "column": 42
        }
      },
      "8": {
        "start": {
          "line": 15,
          "column": 41
        },
        "end": {
          "line": 14,
          "column": 52
        }
      }
    },
    "fnMap": {
      "0": {
        "name": "(anonymous_0)",
        "decl": {
          "start": {
            "line": 1,
            "column": 55
          },
          "end": {
            "line": 1,
            "column": null
          }
        },
        "loc": {
          "start": {
            "line": 1,
            "column": 55
          },
          "end": {
            "line": 1,
            "column": null
          }
        }
      },
      "1": {
        "name": "(anonymous_1)",
        "decl": {
          "start": {
            "line": 14,
            "column": 55
          },
          "end": {
            "line": 14,
            "column": 56
          }
        },
        "loc": {
          "start": {
            "line": 14,
            "column": 74
          },
          "end": {
            "line": 24,
            "column": 1
          }
        }
      },
      "2": {
        "name": "(anonymous_2)",
        "decl": {
          "start": {
            "line": 14,
            "column": 52
          },
          "end": {
            "line": 14,
            "column": 55
          }
        },
        "loc": {
          "start": {
            "line": 14,
            "column": 52
          },
          "end": {
            "line": 15,
            "column": 42
          }
        }
      }
    },
    "branchMap": {
      "0": {
        "loc": {
          "start": {
            "line": 1,
            "column": 25
          },
          "end": {
            "line": 1,
            "column": null
          }
        },
        "type": "binary-expr",
        "locations": [
          {
            "start": {
              "line": 1,
              "column": 25
            },
            "end": {
              "line": 1,
              "column": null
            }
          },
          {
            "start": {
              "line": 1,
              "column": 55
            },
            "end": {
              "line": 1,
              "column": null
            }
          }
        ]
      },
      "1": {
        "loc": {
          "start": {
            "line": 1,
            "column": 55
          },
          "end": {
            "line": 1,
            "column": null
          }
        },
        "type": "if",
        "locations": [
          {
            "start": {
              "line": 1,
              "column": 55
            },
            "end": {
              "line": 1,
              "column": null
            }
          }
        ]
      },
      "2": {
        "loc": {
          "start": {
            "line": 1,
            "column": 55
          },
          "end": {
            "line": 1,
            "column": null
          }
        },
        "type": "binary-expr",
        "locations": [
          {
            "start": {
              "line": 1,
              "column": 55
            },
            "end": {
              "line": 1,
              "column": null
            }
          },
          {
            "start": {
              "line": 1,
              "column": 55
            },
            "end": {
              "line": 1,
              "column": null
            }
          }
        ]
      },
      "3": {
        "loc": {
          "start": {
            "line": 18,
            "column": 45
          },
          "end": {
            "line": 18,
            "column": 60
          }
        },
        "type": "binary-expr",
        "locations": [
          {
            "start": {
              "line": 18,
              "column": 45
            },
            "end": {
              "line": 18,
              "column": 58
            }
          },
          {
            "start": {
              "line": 18,
              "column": 58
            },
            "end": {
              "line": 18,
              "column": 60
            }
          }
        ]
      },
      "4": {
        "loc": {
          "start": {
            "line": 20,
            "column": 9
          },
          "end": {
            "line": 20,
            "column": null
          }
        },
        "type": "cond-expr",
        "locations": [
          {
            "start": {
              "line": 20,
              "column": 28
            },
            "end": {
              "line": 20,
              "column": 48
            }
          },
          {
            "start": {
              "line": 20,
              "column": 48
            },
            "end": {
              "line": 20,
              "column": null
            }
          }
        ]
      }
    },
    "s": {
      "0": 9,
      "1": 72,
      "2": 9,
      "3": 12,
      "4": 12,
      "5": 12,
      "6": 9,
      "7": 9,
      "8": 9
    },
    "f": {
      "0": 9,
      "1": 12,
      "2": 9
    },
    "b": {
      "0": [
        9,
        0
      ],
      "1": [
        9
      ],
      "2": [
        9,
        9
      ],
      "3": [
        12,
        11
      ],
      "4": [
        0,
        12
      ]
    }
  },
  "/Users/mayaffia/Desktop/Couply/frontend/src/shared/components/EmptyState/EmptyState.tsx": {
    "path": "/Users/mayaffia/Desktop/Couply/frontend/src/shared/components/EmptyState/EmptyState.tsx",
    "statementMap": {
      "0": {
        "start": {
          "line": 1,
          "column": 25
        },
        "end": {
          "line": 1,
          "column": null
        }
      },
      "1": {
        "start": {
          "line": 10,
          "column": 53
        },
        "end": {
          "line": 31,
          "column": 1
        }
      },
      "2": {
        "start": {
          "line": 11,
          "column": 2
        },
        "end": {
          "line": 29,
          "column": null
        }
      },
      "3": {
        "start": {
          "line": 31,
          "column": 1
        },
        "end": {
          "line": 10,
          "column": 53
        }
      }
    },
    "fnMap": {
      "0": {
        "name": "(anonymous_0)",
        "decl": {
          "start": {
            "line": 1,
            "column": 25
          },
          "end": {
            "line": 1,
            "column": null
          }
        },
        "loc": {
          "start": {
            "line": 1,
            "column": 25
          },
          "end": {
            "line": 1,
            "column": null
          }
        }
      },
      "1": {
        "name": "(anonymous_1)",
        "decl": {
          "start": {
            "line": 10,
            "column": 53
          },
          "end": {
            "line": 10,
            "column": 54
          }
        },
        "loc": {
          "start": {
            "line": 10,
            "column": 78
          },
          "end": {
            "line": 31,
            "column": 1
          }
        }
      }
    },
    "branchMap": {
      "0": {
        "loc": {
          "start": {
            "line": 1,
            "column": 25
          },
          "end": {
            "line": 1,
            "column": null
          }
        },
        "type": "binary-expr",
        "locations": [
          {
            "start": {
              "line": 1,
              "column": 25
            },
            "end": {
              "line": 1,
              "column": null
            }
          },
          {
            "start": {
              "line": 1,
              "column": 25
            },
            "end": {
              "line": 1,
              "column": null
            }
          }
        ]
      },
      "1": {
        "loc": {
          "start": {
            "line": 1,
            "column": 25
          },
          "end": {
            "line": 1,
            "column": null
          }
        },
        "type": "if",
        "locations": [
          {
            "start": {
              "line": 1,
              "column": 25
            },
            "end": {
              "line": 1,
              "column": null
            }
          }
        ]
      }
    },
    "s": {
      "0": 88,
      "1": 11,
      "2": 23,
      "3": 11
    },
    "f": {
      "0": 11,
      "1": 23
    },
    "b": {
      "0": [
        22,
        11
      ],
      "1": [
        11
      ]
    }
  },
  "/Users/mayaffia/Desktop/Couply/frontend/src/shared/components/Like/Like.tsx": {
    "path": "/Users/mayaffia/Desktop/Couply/frontend/src/shared/components/Like/Like.tsx",
    "statementMap": {
      "0": {
        "start": {
          "line": 1,
          "column": 20
        },
        "end": {
          "line": 1,
          "column": null
        }
      },
      "1": {
        "start": {
          "line": 5,
          "column": 41
        },
        "end": {
          "line": 22,
          "column": 1
        }
      },
      "2": {
        "start": {
          "line": 6,
          "column": 2
        },
        "end": {
          "line": 20,
          "column": null
        }
      },
      "3": {
        "start": {
          "line": 22,
          "column": 1
        },
        "end": {
          "line": 5,
          "column": 41
        }
      }
    },
    "fnMap": {
      "0": {
        "name": "(anonymous_0)",
        "decl": {
          "start": {
            "line": 1,
            "column": 20
          },
          "end": {
            "line": 1,
            "column": null
          }
        },
        "loc": {
          "start": {
            "line": 1,
            "column": 20
          },
          "end": {
            "line": 1,
            "column": null
          }
        }
      },
      "1": {
        "name": "(anonymous_1)",
        "decl": {
          "start": {
            "line": 5,
            "column": 41
          },
          "end": {
            "line": 5,
            "column": 42
          }
        },
        "loc": {
          "start": {
            "line": 5,
            "column": 60
          },
          "end": {
            "line": 22,
            "column": 1
          }
        }
      }
    },
    "branchMap": {
      "0": {
        "loc": {
          "start": {
            "line": 1,
            "column": 20
          },
          "end": {
            "line": 1,
            "column": null
          }
        },
        "type": "binary-expr",
        "locations": [
          {
            "start": {
              "line": 1,
              "column": 20
            },
            "end": {
              "line": 1,
              "column": null
            }
          },
          {
            "start": {
              "line": 1,
              "column": 20
            },
            "end": {
              "line": 1,
              "column": null
            }
          }
        ]
      },
      "1": {
        "loc": {
          "start": {
            "line": 1,
            "column": 20
          },
          "end": {
            "line": 1,
            "column": null
          }
        },
        "type": "if",
        "locations": [
          {
            "start": {
              "line": 1,
              "column": 20
            },
            "end": {
              "line": 1,
              "column": null
            }
          }
        ]
      },
      "2": {
        "loc": {
          "start": {
            "line": 7,
            "column": 20
          },
          "end": {
            "line": 7,
            "column": null
          }
        },
        "type": "binary-expr",
        "locations": [
          {
            "start": {
              "line": 7,
              "column": 20
            },
            "end": {
              "line": 7,
              "column": 33
            }
          },
          {
            "start": {
              "line": 7,
              "column": 33
            },
            "end": {
              "line": 7,
              "column": null
            }
          }
        ]
      }
    },
    "s": {
      "0": 208,
      "1": 26,
      "2": 54,
      "3": 26
    },
    "f": {
      "0": 26,
      "1": 54
    },
    "b": {
      "0": [
        52,
        26
      ],
      "1": [
        26
      ],
      "2": [
        54,
        16
      ]
    }
  },
  "/Users/mayaffia/Desktop/Couply/frontend/src/shared/components/LikeButton/LikeButton.tsx": {
    "path": "/Users/mayaffia/Desktop/Couply/frontend/src/shared/components/LikeButton/LikeButton.tsx",
    "statementMap": {
      "0": {
        "start": {
          "line": 1,
          "column": 31
        },
        "end": {
          "line": 1,
          "column": null
        }
      },
      "1": {
        "start": {
          "line": 11,
          "column": 26
        },
        "end": {
          "line": 17,
          "column": 1
        }
      },
      "2": {
        "start": {
          "line": 12,
          "column": 2
        },
        "end": {
          "line": 15,
          "column": null
        }
      },
      "3": {
        "start": {
          "line": 17,
          "column": 1
        },
        "end": {
          "line": 11,
          "column": 26
        }
      },
      "4": {
        "start": {
          "line": 19,
          "column": 25
        },
        "end": {
          "line": 19,
          "column": null
        }
      }
    },
    "fnMap": {
      "0": {
        "name": "(anonymous_0)",
        "decl": {
          "start": {
            "line": 1,
            "column": 31
          },
          "end": {
            "line": 1,
            "column": null
          }
        },
        "loc": {
          "start": {
            "line": 1,
            "column": 31
          },
          "end": {
            "line": 1,
            "column": null
          }
        }
      },
      "1": {
        "name": "(anonymous_1)",
        "decl": {
          "start": {
            "line": 11,
            "column": 26
          },
          "end": {
            "line": 11,
            "column": 27
          }
        },
        "loc": {
          "start": {
            "line": 11,
            "column": 84
          },
          "end": {
            "line": 17,
            "column": 1
          }
        }
      }
    },
    "branchMap": {
      "0": {
        "loc": {
          "start": {
            "line": 1,
            "column": 31
          },
          "end": {
            "line": 1,
            "column": null
          }
        },
        "type": "binary-expr",
        "locations": [
          {
            "start": {
              "line": 1,
              "column": 31
            },
            "end": {
              "line": 1,
              "column": null
            }
          },
          {
            "start": {
              "line": 1,
              "column": 31
            },
            "end": {
              "line": 1,
              "column": null
            }
          }
        ]
      },
      "1": {
        "loc": {
          "start": {
            "line": 1,
            "column": 31
          },
          "end": {
            "line": 1,
            "column": null
          }
        },
        "type": "if",
        "locations": [
          {
            "start": {
              "line": 1,
              "column": 31
            },
            "end": {
              "line": 1,
              "column": null
            }
          }
        ]
      },
      "2": {
        "loc": {
          "start": {
            "line": 13,
            "column": 44
          },
          "end": {
            "line": 13,
            "column": 59
          }
        },
        "type": "binary-expr",
        "locations": [
          {
            "start": {
              "line": 13,
              "column": 44
            },
            "end": {
              "line": 13,
              "column": 57
            }
          },
          {
            "start": {
              "line": 13,
              "column": 57
            },
            "end": {
              "line": 13,
              "column": 59
            }
          }
        ]
      }
    },
    "s": {
      "0": 192,
      "1": 24,
      "2": 52,
      "3": 24,
      "4": 48
    },
    "f": {
      "0": 24,
      "1": 52
    },
    "b": {
      "0": [
        48,
        24
      ],
      "1": [
        24
      ],
      "2": [
        52,
        2
      ]
    }
  },
  "/Users/mayaffia/Desktop/Couply/frontend/src/shared/components/ProfileCard/ProfileCard.tsx": {
    "path": "/Users/mayaffia/Desktop/Couply/frontend/src/shared/components/ProfileCard/ProfileCard.tsx",
    "statementMap": {
      "0": {
        "start": {
          "line": 1,
          "column": 25
        },
        "end": {
          "line": 1,
          "column": null
        }
      },
      "1": {
        "start": {
          "line": 28,
          "column": 55
        },
        "end": {
          "line": 68,
          "column": 1
        }
      },
      "2": {
        "start": {
          "line": 35,
          "column": 26
        },
        "end": {
          "line": 39,
          "column": null
        }
      },
      "3": {
        "start": {
          "line": 36,
          "column": 4
        },
        "end": {
          "line": 38,
          "column": null
        }
      },
      "4": {
        "start": {
          "line": 37,
          "column": 6
        },
        "end": {
          "line": 37,
          "column": null
        }
      },
      "5": {
        "start": {
          "line": 42,
          "column": 26
        },
        "end": {
          "line": 46,
          "column": null
        }
      },
      "6": {
        "start": {
          "line": 43,
          "column": 4
        },
        "end": {
          "line": 45,
          "column": null
        }
      },
      "7": {
        "start": {
          "line": 44,
          "column": 6
        },
        "end": {
          "line": 44,
          "column": null
        }
      },
      "8": {
        "start": {
          "line": 48,
          "column": 2
        },
        "end": {
          "line": 66,
          "column": null
        }
      },
      "9": {
        "start": {
          "line": 58,
          "column": 27
        },
        "end": {
          "line": 58,
          "column": null
        }
      },
      "10": {
        "start": {
          "line": 68,
          "column": 1
        },
        "end": {
          "line": 28,
          "column": 55
        }
      }
    },
    "fnMap": {
      "0": {
        "name": "(anonymous_0)",
        "decl": {
          "start": {
            "line": 1,
            "column": 25
          },
          "end": {
            "line": 1,
            "column": null
          }
        },
        "loc": {
          "start": {
            "line": 1,
            "column": 25
          },
          "end": {
            "line": 1,
            "column": null
          }
        }
      },
      "1": {
        "name": "(anonymous_1)",
        "decl": {
          "start": {
            "line": 28,
            "column": 55
          },
          "end": {
            "line": 28,
            "column": 56
          }
        },
        "loc": {
          "start": {
            "line": 33,
            "column": 6
          },
          "end": {
            "line": 68,
            "column": 1
          }
        }
      },
      "2": {
        "name": "(anonymous_2)",
        "decl": {
          "start": {
            "line": 35,
            "column": 26
          },
          "end": {
            "line": 35,
            "column": 32
          }
        },
        "loc": {
          "start": {
            "line": 35,
            "column": 32
          },
          "end": {
            "line": 39,
            "column": null
          }
        }
      },
      "3": {
        "name": "(anonymous_3)",
        "decl": {
          "start": {
            "line": 42,
            "column": 26
          },
          "end": {
            "line": 42,
            "column": 32
          }
        },
        "loc": {
          "start": {
            "line": 42,
            "column": 32
          },
          "end": {
            "line": 46,
            "column": null
          }
        }
      },
      "4": {
        "name": "(anonymous_4)",
        "decl": {
          "start": {
            "line": 58,
            "column": 22
          },
          "end": {
            "line": 58,
            "column": 27
          }
        },
        "loc": {
          "start": {
            "line": 58,
            "column": 27
          },
          "end": {
            "line": 58,
            "column": null
          }
        }
      }
    },
    "branchMap": {
      "0": {
        "loc": {
          "start": {
            "line": 1,
            "column": 25
          },
          "end": {
            "line": 1,
            "column": null
          }
        },
        "type": "binary-expr",
        "locations": [
          {
            "start": {
              "line": 1,
              "column": 25
            },
            "end": {
              "line": 1,
              "column": null
            }
          },
          {
            "start": {
              "line": 1,
              "column": 25
            },
            "end": {
              "line": 1,
              "column": null
            }
          }
        ]
      },
      "1": {
        "loc": {
          "start": {
            "line": 1,
            "column": 25
          },
          "end": {
            "line": 1,
            "column": null
          }
        },
        "type": "if",
        "locations": [
          {
            "start": {
              "line": 1,
              "column": 25
            },
            "end": {
              "line": 1,
              "column": null
            }
          }
        ]
      },
      "2": {
        "loc": {
          "start": {
            "line": 36,
            "column": 4
          },
          "end": {
            "line": 38,
            "column": null
          }
        },
        "type": "if",
        "locations": [
          {
            "start": {
              "line": 36,
              "column": 4
            },
            "end": {
              "line": 38,
              "column": null
            }
          }
        ]
      },
      "3": {
        "loc": {
          "start": {
            "line": 43,
            "column": 4
          },
          "end": {
            "line": 45,
            "column": null
          }
        },
        "type": "if",
        "locations": [
          {
            "start": {
              "line": 43,
              "column": 4
            },
            "end": {
              "line": 45,
              "column": null
            }
          }
        ]
      },
      "4": {
        "loc": {
          "start": {
            "line": 49,
            "column": 45
          },
          "end": {
            "line": 49,
            "column": 60
          }
        },
        "type": "binary-expr",
        "locations": [
          {
            "start": {
              "line": 49,
              "column": 45
            },
            "end": {
              "line": 49,
              "column": 58
            }
          },
          {
            "start": {
              "line": 49,
              "column": 58
            },
            "end": {
              "line": 49,
              "column": 60
            }
          }
        ]
      },
      "5": {
        "loc": {
          "start": {
            "line": 57,
            "column": 7
          },
          "end": {
            "line": 64,
            "column": null
          }
        },
        "type": "binary-expr",
        "locations": [
          {
            "start": {
              "line": 57,
              "column": 7
            },
            "end": {
              "line": 57,
              "column": null
            }
          },
          {
            "start": {
              "line": 58,
              "column": 8
            },
            "end": {
              "line": 64,
              "column": null
            }
          }
        ]
      }
    },
    "s": {
      "0": 80,
      "1": 10,
      "2": 45,
      "3": 0,
      "4": 0,
      "5": 45,
      "6": 0,
      "7": 0,
      "8": 45,
      "9": 0,
      "10": 10
    },
    "f": {
      "0": 10,
      "1": 45,
      "2": 0,
      "3": 0,
      "4": 0
    },
    "b": {
      "0": [
        20,
        10
      ],
      "1": [
        10
      ],
      "2": [
        0
      ],
      "3": [
        0
      ],
      "4": [
        45,
        13
      ],
      "5": [
        45,
        37
      ]
    }
  },
  "/Users/mayaffia/Desktop/Couply/frontend/src/features/likes/components/LikesSection/LikesSection.tsx": {
    "path": "/Users/mayaffia/Desktop/Couply/frontend/src/features/likes/components/LikesSection/LikesSection.tsx",
    "statementMap": {
      "0": {
        "start": {
          "line": 1,
          "column": 25
        },
        "end": {
          "line": 1,
          "column": null
        }
      },
      "1": {
        "start": {
          "line": 14,
          "column": 57
        },
        "end": {
          "line": 36,
          "column": 1
        }
      },
      "2": {
        "start": {
[...]
      },
      "38": {
        "start": {
          "line": 88,
          "column": 6
        },
        "end": {
          "line": 88,
          "column": null
        }
      },
      "39": {
        "start": {
          "line": 90,
          "column": 6
        },
        "end": {
          "line": 90,
          "column": null
        }
      },
      "40": {
        "start": {
          "line": 91,
          "column": 6
        },
        "end": {
          "line": 91,
          "column": null
        }
      },
      "41": {
        "start": {
          "line": 95,
          "column": 31
        },
        "end": {
          "line": 99,
          "column": null
        }
      },
      "42": {
        "start": {
          "line": 96,
          "column": 4
        },
        "end": {
          "line": 96,
          "column": null
        }
      },
      "43": {
        "start": {
          "line": 97,
          "column": 4
        },
        "end": {
          "line": 97,
          "column": null
        }
      },
      "44": {
        "start": {
          "line": 98,
          "column": 4
        },
        "end": {
          "line": 98,
          "column": null
        }
      },
      "45": {
        "start": {
          "line": 102,
          "column": 29
        },
        "end": {
          "line": 113,
          "column": null
        }
      },
      "46": {
        "start": {
          "line": 103,
          "column": 4
        },
        "end": {
          "line": 112,
          "column": null
        }
      },
      "47": {
        "start": {
          "line": 105,
          "column": 8
        },
        "end": {
          "line": 105,
          "column": null
        }
      },
      "48": {
        "start": {
          "line": 107,
          "column": 8
        },
        "end": {
          "line": 107,
          "column": null
        }
      },
      "49": {
        "start": {
          "line": 109,
          "column": 8
        },
        "end": {
          "line": 109,
          "column": null
        }
      },
      "50": {
        "start": {
          "line": 111,
          "column": 8
        },
        "end": {
          "line": 111,
          "column": null
        }
      },
      "51": {
        "start": {
          "line": 115,
          "column": 19
        },
        "end": {
          "line": 159,
          "column": null
        }
      },
      "52": {
        "start": {
          "line": 122,
          "column": 23
        },
        "end": {
          "line": 122,
          "column": 46
        }
      },
      "53": {
        "start": {
          "line": 131,
          "column": 23
        },
        "end": {
          "line": 131,
          "column": 51
        }
      },
      "54": {
        "start": {
          "line": 162,
          "column": 2
        },
        "end": {
          "line": 194,
          "column": null
        }
      },
      "55": {
        "start": {
          "line": 196,
          "column": 1
        },
        "end": {
          "line": 20,
          "column": 31
        }
      },
      "56": {
        "start": {
          "line": 18,
          "column": 26
        },
        "end": {
          "line": 20,
          "column": 31
        }
      },
      "57": {
        "start": {
          "line": 20,
          "column": 30
        },
        "end": {
          "line": 18,
          "column": 26
        }
      }
    },
    "fnMap": {
      "0": {
        "name": "(anonymous_0)",
        "decl": {
          "start": {
            "line": 1,
            "column": 73
          },
          "end": {
            "line": 1,
            "column": null
          }
        },
        "loc": {
          "start": {
            "line": 1,
            "column": 73
          },
          "end": {
            "line": 1,
            "column": null
          }
        }
      },
      "1": {
        "name": "(anonymous_1)",
        "decl": {
          "start": {
            "line": 18,
            "column": 29
          },
          "end": {
            "line": 18,
            "column": 35
          }
        },
        "loc": {
          "start": {
            "line": 18,
            "column": 35
          },
          "end": {
            "line": 196,
            "column": 1
          }
        }
      },
      "2": {
        "name": "(anonymous_2)",
        "decl": {
          "start": {
            "line": 32,
            "column": 19
          },
          "end": {
            "line": 32,
            "column": 25
          }
        },
        "loc": {
          "start": {
            "line": 32,
            "column": 25
          },
          "end": {
            "line": 50,
            "column": null
          }
        }
      },
      "3": {
        "name": "(anonymous_3)",
        "decl": {
          "start": {
            "line": 48,
            "column": 21
          },
          "end": {
            "line": 48,
            "column": 33
          }
        },
        "loc": {
          "start": {
            "line": 48,
            "column": 33
          },
          "end": {
            "line": 48,
            "column": 45
          }
        }
      },
      "4": {
        "name": "(anonymous_4)",
        "decl": {
          "start": {
            "line": 52,
            "column": 19
          },
          "end": {
            "line": 52,
            "column": 25
          }
        },
        "loc": {
          "start": {
            "line": 52,
            "column": 25
          },
          "end": {
            "line": 56,
            "column": null
          }
        }
      },
      "5": {
        "name": "(anonymous_5)",
        "decl": {
          "start": {
            "line": 54,
            "column": 21
          },
          "end": {
            "line": 54,
            "column": 33
          }
        },
        "loc": {
          "start": {
            "line": 54,
            "column": 33
          },
          "end": {
            "line": 54,
            "column": 45
          }
        }
      },
      "6": {
        "name": "(anonymous_6)",
        "decl": {
          "start": {
            "line": 58,
            "column": 33
          },
          "end": {
            "line": 58,
            "column": 34
          }
        },
        "loc": {
          "start": {
            "line": 58,
            "column": 52
          },
          "end": {
            "line": 60,
            "column": null
          }
        }
      },
      "7": {
        "name": "(anonymous_7)",
        "decl": {
          "start": {
            "line": 62,
            "column": 38
          },
          "end": {
            "line": 62,
            "column": 39
          }
        },
        "loc": {
          "start": {
            "line": 62,
            "column": 57
          },
          "end": {
            "line": 64,
            "column": null
          }
        }
      },
      "8": {
        "name": "(anonymous_8)",
        "decl": {
          "start": {
            "line": 67,
            "column": 34
          },
          "end": {
            "line": 67,
            "column": 46
          }
        },
        "loc": {
          "start": {
            "line": 67,
            "column": 46
          },
          "end": {
            "line": 93,
            "column": null
          }
        }
      },
      "9": {
        "name": "(anonymous_9)",
        "decl": {
          "start": {
            "line": 95,
            "column": 31
          },
          "end": {
            "line": 95,
            "column": 37
          }
        },
        "loc": {
          "start": {
            "line": 95,
            "column": 37
          },
          "end": {
            "line": 99,
            "column": null
          }
        }
      },
      "10": {
        "name": "(anonymous_10)",
        "decl": {
          "start": {
            "line": 102,
            "column": 29
          },
          "end": {
            "line": 102,
            "column": 35
          }
        },
        "loc": {
          "start": {
            "line": 102,
            "column": 35
          },
          "end": {
            "line": 113,
            "column": null
          }
        }
      },
      "11": {
        "name": "(anonymous_11)",
        "decl": {
          "start": {
            "line": 122,
            "column": 18
          },
          "end": {
            "line": 122,
            "column": 23
          }
        },
        "loc": {
          "start": {
            "line": 122,
            "column": 23
          },
          "end": {
            "line": 122,
            "column": 46
          }
        }
      },
      "12": {
        "name": "(anonymous_12)",
        "decl": {
          "start": {
            "line": 131,
            "column": 18
          },
          "end": {
            "line": 131,
            "column": 23
          }
        },
        "loc": {
          "start": {
            "line": 131,
            "column": 23
          },
          "end": {
            "line": 131,
            "column": 51
          }
        }
      },
      "13": {
        "name": "(anonymous_13)",
        "decl": {
          "start": {
            "line": 18,
            "column": 26
          },
          "end": {
            "line": 18,
            "column": 29
          }
        },
        "loc": {
          "start": {
            "line": 18,
            "column": 26
          },
          "end": {
            "line": 20,
            "column": 31
          }
        }
      }
    },
    "branchMap": {
      "0": {
        "loc": {
          "start": {
            "line": 1,
            "column": 34
          },
          "end": {
            "line": 1,
            "column": null
          }
        },
        "type": "binary-expr",
        "locations": [
          {
            "start": {
              "line": 1,
              "column": 34
            },
            "end": {
              "line": 1,
              "column": 73
            }
          },
          {
            "start": {
              "line": 1,
              "column": 73
            },
            "end": {
              "line": 1,
              "column": null
            }
          }
        ]
      },
      "1": {
        "loc": {
          "start": {
            "line": 1,
            "column": 73
          },
          "end": {
            "line": 1,
            "column": null
          }
        },
        "type": "if",
        "locations": [
          {
            "start": {
              "line": 1,
              "column": 73
            },
            "end": {
              "line": 1,
              "column": null
            }
          }
        ]
      },
      "2": {
        "loc": {
          "start": {
            "line": 1,
            "column": 73
          },
          "end": {
            "line": 1,
            "column": null
          }
        },
        "type": "binary-expr",
        "locations": [
          {
            "start": {
              "line": 1,
              "column": 73
            },
            "end": {
              "line": 1,
              "column": null
            }
          },
          {
            "start": {
              "line": 1,
              "column": 73
            },
            "end": {
              "line": 1,
              "column": null
            }
          }
        ]
      },
      "3": {
        "loc": {
          "start": {
            "line": 33,
            "column": 4
          },
          "end": {
            "line": 49,
            "column": null
          }
        },
        "type": "if",
        "locations": [
          {
            "start": {
              "line": 33,
              "column": 4
            },
            "end": {
              "line": 49,
              "column": null
            }
          },
          {
            "start": {
              "line": 46,
              "column": 11
            },
            "end": {
              "line": 49,
              "column": null
            }
          }
        ]
      },
      "4": {
        "loc": {
          "start": {
            "line": 35,
            "column": 6
          },
          "end": {
            "line": 45,
            "column": null
          }
        },
        "type": "if",
        "locations": [
          {
            "start": {
              "line": 35,
              "column": 6
            },
            "end": {
              "line": 45,
              "column": null
            }
          },
          {
            "start": {
              "line": 42,
              "column": 13
            },
            "end": {
              "line": 45,
              "column": null
            }
          }
        ]
      },
      "5": {
        "loc": {
          "start": {
            "line": 36,
            "column": 8
          },
          "end": {
            "line": 39,
            "column": null
          }
        },
        "type": "binary-expr",
        "locations": [
          {
            "start": {
              "line": 36,
              "column": 8
            },
            "end": {
              "line": 36,
              "column": null
            }
          },
          {
            "start": {
              "line": 37,
              "column": 8
            },
            "end": {
              "line": 37,
              "column": null
            }
          },
          {
            "start": {
              "line": 38,
              "column": 8
            },
            "end": {
              "line": 38,
              "column": null
            }
          },
          {
            "start": {
              "line": 39,
              "column": 8
            },
            "end": {
              "line": 39,
              "column": null
            }
          }
        ]
      },
      "6": {
        "loc": {
          "start": {
            "line": 53,
            "column": 4
          },
          "end": {
            "line": 55,
            "column": null
          }
        },
        "type": "if",
        "locations": [
          {
            "start": {
              "line": 53,
              "column": 4
            },
            "end": {
              "line": 55,
              "column": null
            }
          }
        ]
      },
      "7": {
        "loc": {
          "start": {
            "line": 74,
            "column": 6
          },
          "end": {
            "line": 85,
            "column": null
          }
        },
        "type": "if",
        "locations": [
          {
            "start": {
              "line": 74,
              "column": 6
            },
            "end": {
              "line": 85,
              "column": null
            }
          }
        ]
      },
      "8": {
        "loc": {
          "start": {
            "line": 77,
            "column": 8
          },
          "end": {
            "line": 84,
            "column": null
          }
        },
        "type": "if",
        "locations": [
          {
            "start": {
              "line": 77,
              "column": 8
            },
            "end": {
              "line": 84,
              "column": null
            }
          }
        ]
      },
      "9": {
        "loc": {
          "start": {
            "line": 80,
            "column": 10
          },
          "end": {
            "line": 83,
            "column": null
          }
        },
        "type": "if",
        "locations": [
          {
            "start": {
              "line": 80,
              "column": 10
            },
            "end": {
              "line": 83,
              "column": null
            }
          }
        ]
      },
      "10": {
        "loc": {
          "start": {
            "line": 103,
            "column": 4
          },
          "end": {
            "line": 112,
            "column": null
          }
        },
        "type": "switch",
        "locations": [
          {
            "start": {
              "line": 104,
              "column": 6
            },
            "end": {
              "line": 105,
              "column": null
            }
          },
          {
            "start": {
              "line": 106,
              "column": 6
            },
            "end": {
              "line": 107,
              "column": null
            }
          },
          {
            "start": {
              "line": 108,
              "column": 6
            },
            "end": {
              "line": 109,
              "column": null
            }
          },
          {
            "start": {
              "line": 110,
              "column": 6
            },
            "end": {
              "line": 111,
              "column": null
            }
          }
        ]
      },
      "11": {
        "loc": {
          "start": {
            "line": 109,
            "column": 15
          },
          "end": {
            "line": 109,
            "column": null
          }
        },
        "type": "binary-expr",
        "locations": [
          {
            "start": {
              "line": 109,
              "column": 15
            },
            "end": {
              "line": 109,
              "column": 36
            }
          },
          {
            "start": {
              "line": 109,
              "column": 36
            },
            "end": {
              "line": 109,
              "column": null
            }
          }
        ]
      },
      "12": {
        "loc": {
          "start": {
            "line": 169,
            "column": 7
          },
          "end": {
            "line": 191,
            "column": null
          }
        },
        "type": "cond-expr",
        "locations": [
          {
            "start": {
              "line": 170,
              "column": 8
            },
            "end": {
              "line": 185,
              "column": null
            }
          },
          {
            "start": {
              "line": 187,
              "column": 8
            },
            "end": {
              "line": 191,
              "column": null
            }
          }
        ]
      }
    },
    "s": {
      "0": 1,
      "1": 8,
      "2": 1,
      "3": 1,
      "4": 1,
      "5": 1,
      "6": 1,
      "7": 1,
      "8": 1,
      "9": 1,
      "10": 1,
      "11": 1,
      "12": 1,
      "13": 0,
      "14": 0,
      "15": 0,
      "16": 0,
      "17": 0,
      "18": 0,
      "19": 1,
      "20": 0,
      "21": 0,
      "22": 0,
      "23": 1,
      "24": 0,
      "25": 1,
      "26": 0,
      "27": 1,
      "28": 0,
      "29": 0,
      "30": 0,
      "31": 0,
      "32": 0,
      "33": 0,
      "34": 0,
      "35": 0,
      "36": 0,
      "37": 0,
      "38": 0,
      "39": 0,
      "40": 0,
      "41": 1,
      "42": 0,
      "43": 0,
      "44": 0,
      "45": 1,
      "46": 1,
      "47": 1,
      "48": 0,
      "49": 0,
      "50": 0,
      "51": 1,
      "52": 0,
      "53": 0,
      "54": 1,
      "55": 1,
      "56": 1,
      "57": 1
    },
    "f": {
      "0": 1,
      "1": 1,
      "2": 0,
      "3": 0,
      "4": 0,
      "5": 0,
      "6": 0,
      "7": 0,
      "8": 0,
      "9": 0,
      "10": 1,
      "11": 0,
      "12": 0,
      "13": 1
    },
    "b": {
      "0": [
        1,
        0
      ],
      "1": [
        1
      ],
      "2": [
        1,
        1
      ],
      "3": [
        0,
        0
      ],
      "4": [
        0,
        0
      ],
      "5": [
        0,
        0,
        0,
        0
      ],
      "6": [
        0
      ],
      "7": [
        0
      ],
      "8": [
        0
      ],
      "9": [
        0
      ],
      "10": [
        1,
        0,
        0,
        0
      ],
      "11": [
        0,
        0
      ],
      "12": [
        0,
        1
      ]
    }
  }
}